<?xml version="1.0" encoding="UTF-8"?>
<!-- Generated by org.testng.reporters.JUnitXMLReporter -->
<testsuite ignored="0" hostname="DESKTOP-OCH3PN7" failures="0" tests="5" name="Test" time="214.598" errors="0" timestamp="27 Dec 2019 05:59:20 GMT">
  <testcase classname="RSP.Test.LoginDDT" name="testLogin" time="37.398"/>
  <testcase classname="RSP.Test.LoginDDT" name="testLogin" time="42.021"/>
  <testcase classname="RSP.Test.LoginDDT" name="testLogin" time="29.921"/>
  <testcase classname="RSP.Test.LoginDDT" name="testLogin" time="41.201"/>
  <testcase classname="RSP.Test.LoginDDT" name="testLogin" time="36.543"/>
</testsuite> <!-- Test -->
