<?xml version="1.0" encoding="UTF-8"?>
<!-- Generated by org.testng.reporters.JUnitXMLReporter -->
<testsuite ignored="0" hostname="DESKTOP-OCH3PN7" failures="0" tests="6" name="Test" time="272.676" errors="0" timestamp="27 Dec 2019 09:59:43 GMT">
  <testcase classname="RSP.Test.LoginDDT" name="testLogin" time="40.793"/>
  <testcase classname="RSP.Test.LoginDDT" name="testLogin" time="46.588"/>
  <testcase classname="RSP.Test.LoginDDT" name="testLogin" time="35.287"/>
  <testcase classname="RSP.Test.LoginDDT" name="testLogin" time="41.458"/>
  <testcase classname="RSP.Test.LoginDDT" name="testLogin" time="40.483"/>
  <testcase classname="RSP.Test.LoginTest" name="testLogin" time="34.165"/>
</testsuite> <!-- Test -->
