<?xml version="1.0" encoding="UTF-8"?>
<testsuite xmlns:xsi="http://www.w3.org/2001/XMLSchema-instance" xsi:noNamespaceSchemaLocation="https://maven.apache.org/surefire/maven-surefire-plugin/xsd/surefire-test-report.xsd" name="TestSuite" time="274.808" tests="6" errors="0" skipped="0" failures="0">
  <properties>
[...]
</properties>
  <testcase name="testLogin" classname="RSP.Test.LoginDDT" time="40.796"/>
  <testcase name="testLogin" classname="RSP.Test.LoginDDT" time="46.59"/>
  <testcase name="testLogin" classname="RSP.Test.LoginDDT" time="35.286"/>
  <testcase name="testLogin" classname="RSP.Test.LoginDDT" time="41.457"/>
  <testcase name="testLogin" classname="RSP.Test.LoginDDT" time="40.489"/>
  <testcase name="testLogin" classname="RSP.Test.LoginTest" time="34.169"/>
</testsuite>